<?xml version="1.0" encoding="UTF-8"?>
<testng-results skipped="0" failed="1" ignored="0" total="4" passed="3">
  <reporter-output>
  </reporter-output>
  <suite name="Default suite" duration-ms="27945" started-at="2018-08-13T16:14:29Z" finished-at="2018-08-13T16:14:57Z">
    <groups>
    </groups>
    <test name="Default test" duration-ms="27945" started-at="2018-08-13T16:14:29Z" finished-at="2018-08-13T16:14:57Z">
      <class name="Com.crm.qa.TestCases.LoginPageTest">
        <test-method status="FAIL" signature="FreeCRMTitleTest()[pri:0, instance:Com.crm.qa.TestCases.LoginPageTest@5e3a8624]" name="FreeCRMTitleTest" duration-ms="14099" started-at="2018-08-13T16:14:29Z" finished-at="2018-08-13T16:14:44Z">
          <exception class="java.lang.AssertionError">
            <message>
              <![CDATA[The following asserts failed:
Invalid LoginPage CRM-Title expected [Free CRM software in the cloud powers sales and customer service] but found [#1 Free CRM software in the cloud for sales and service]]]>
            </message>
            <full-stacktrace>
              <![CDATA[java.lang.AssertionError: The following asserts failed:
Invalid LoginPage CRM-Title expected [Free CRM software in the cloud powers sales and customer service] but found [#1 Free CRM software in the cloud for sales and service]
at org.testng.asserts.SoftAssert.assertAll(SoftAssert.java:43)
at Com.crm.qa.TestCases.LoginPageTest.FreeCRMTitleTest(LoginPageTest.java:32)
at sun.reflect.NativeMethodAccessorImpl.invoke0(Native Method)
at sun.reflect.NativeMethodAccessorImpl.invoke(NativeMethodAccessorImpl.java:62)
at sun.reflect.DelegatingMethodAccessorImpl.invoke(DelegatingMethodAccessorImpl.java:43)
at java.lang.reflect.Method.invoke(Method.java:498)
at org.testng.internal.MethodInvocationHelper.invokeMethod(MethodInvocationHelper.java:124)
at org.testng.internal.Invoker.invokeMethod(Invoker.java:583)
at org.testng.internal.Invoker.invokeTestMethod(Invoker.java:719)
at org.testng.internal.Invoker.invokeTestMethods(Invoker.java:989)
at org.testng.internal.TestMethodWorker.invokeTestMethods(TestMethodWorker.java:125)
at org.testng.internal.TestMethodWorker.run(TestMethodWorker.java:109)
at org.testng.TestRunner.privateRun(TestRunner.java:648)
at org.testng.TestRunner.run(TestRunner.java:505)
at org.testng.SuiteRunner.runTest(SuiteRunner.java:455)
at org.testng.SuiteRunner.runSequentially(SuiteRunner.java:450)
at org.testng.SuiteRunner.privateRun(SuiteRunner.java:415)
at org.testng.SuiteRunner.run(SuiteRunner.java:364)
at org.testng.SuiteRunnerWorker.runSuite(SuiteRunnerWorker.java:52)
at org.testng.SuiteRunnerWorker.run(SuiteRunnerWorker.java:84)
at org.testng.TestNG.runSuitesSequentially(TestNG.java:1208)
at org.testng.TestNG.runSuitesLocally(TestNG.java:1137)
at org.testng.TestNG.runSuites(TestNG.java:1049)
at org.testng.TestNG.run(TestNG.java:1017)
at org.testng.remote.AbstractRemoteTestNG.run(AbstractRemoteTestNG.java:114)
at org.testng.remote.RemoteTestNG.initAndRun(RemoteTestNG.java:251)
at org.testng.remote.RemoteTestNG.main(RemoteTestNG.java:77)
]]>
            </full-stacktrace>
          </exception> <!-- java.lang.AssertionError -->
          <reporter-output>
          </reporter-output>
        </test-method> <!-- FreeCRMTitleTest -->
        <test-method status="PASS" signature="CRMLogoTest()[pri:1, instance:Com.crm.qa.TestCases.LoginPageTest@5e3a8624]" name="CRMLogoTest" duration-ms="48" started-at="2018-08-13T16:14:44Z" finished-at="2018-08-13T16:14:44Z">
          <reporter-output>
          </reporter-output>
        </test-method> <!-- CRMLogoTest -->
        <test-method status="PASS" signature="LoginTest()[pri:2, instance:Com.crm.qa.TestCases.LoginPageTest@5e3a8624]" name="LoginTest" duration-ms="13589" started-at="2018-08-13T16:14:44Z" finished-at="2018-08-13T16:14:57Z">
          <reporter-output>
          </reporter-output>
        </test-method> <!-- LoginTest -->
        <test-method status="PASS" signature="VerifyusernameLabelTest()[pri:3, instance:Com.crm.qa.TestCases.LoginPageTest@5e3a8624]" name="VerifyusernameLabelTest" duration-ms="153" started-at="2018-08-13T16:14:57Z" finished-at="2018-08-13T16:14:57Z">
          <reporter-output>
          </reporter-output>
        </test-method> <!-- VerifyusernameLabelTest -->
      </class> <!-- Com.crm.qa.TestCases.LoginPageTest -->
    </test> <!-- Default test -->
  </suite> <!-- Default suite -->
</testng-results>
